22/11/2022:
-página home foi criada
back
-estilo específico para dispositivos moveis foi criado
-tela de aplicação movel começou a ser implementada
-tamanhos da aplicação foram ajustados

23/11/2022:
-Pagina home com menus separada da pagina do controle de estoque
-pagina de controle de estoque foi separada da pagina home
-primeiros links foram definidos
-menus ja com estilos css foram implementados

28/11/2022:
pagina index e pagina controle de estoque foram atualizadas, melhorando a visualização para dispositivos moveis e deixando a visualização para desktops mais moderna user interface, as paginas de estilo foram atualizadas, o aplicativo para controle de estoque( parte visual foi finalizado) agora vou começar a implementar as solução com javascript
- melhorar o cabeçalho da pagina, as letras estão ultrapassando o espaço determinado pra elas
- estilizar os links  na barra de links à esquerda, tirar o sublinhado e controlar as cores

29/11/2022:
a função para limpeza do formulario na pagina de controle de estoque foi criada, assim quando o usuario adcionar ou remover um equipamento, os campos serão limpos para que ele possa passar à proxima operação.
os links foram estilizados, no aplicativo o javascript esta em pleno funcionamento.
como proximo estagio vou começar a fazer a integração com o banco de dados, gerando a persistencia de dados necessarias para o funcionamento do sistema, caso tudo ocorra como esperado entre duas ou trez semananas o aplicativo para estoque estará em funcionamento.
- tambem estarei implementando a opção de visualização do estoque, porem essa opção será visivel apenas para usuarios desktop

30/12/2022
A parte do projeto voltada ao controle de estque está adiantada, já e possivel cadastrar e recuperar 
os dados que estão no  banco de dados firebase, me preparo agora para gerenciar o controle de acesso ao 
sistema.

24-12-2022
A parte do sistema destinada ao controle de estoque está sendo finalizada, apos correção de alguns erros, 
ela sera disponibilizada para testes para detecção de erros que possam passar despercebidos
 28-01-2023
 Sistema de controle de estoque esta praticamente finalizado entrando na faze de teste
 possivelmente na proxima semananas, autorizações no banco de dados foram definidas a versão de teste
 sera a 2.0.0 beta, deverá ser entregue na versão desktop para o usuario admin da empresa
 



